Using pre-set license
Built from '2020.3/release' branch; Version is '2020.3.2f1 (8fd9074bf66c) revision 9427207'; Using compiler version '192528614'; Build Type 'Release'
OS: 'Windows 10 Education; OS build 19042.1237; Version 2009; 64bit' Language: 'uk' Physical Memory: 8047 MB
BatchMode: 1, IsHumanControllingUs: 0, StartBugReporterOnCrash: 0, Is64bit: 1, IsPro: 0

 COMMAND LINE ARGUMENTS:
E:\Unity3d\2020.3.2f1\Editor\Unity.exe
-adb2
-batchMode
-noUpm
-name
AssetImportWorker0
-projectPath
E:/RoboklubUnity/First leson/Assets/Xonix
-logFile
Logs/AssetImportWorker0.log
-srvPort
52041
Successfully changed project path to: E:/RoboklubUnity/First leson/Assets/Xonix
E:/RoboklubUnity/First leson/Assets/Xonix
Using Asset Import Pipeline V2.
Refreshing native plugins compatible for Editor in 25.26 ms, found 0 plugins.
Preloading 0 native plugins for Editor in 0.00 ms.
Initialize engine version: 2020.3.2f1 (8fd9074bf66c)
[Subsystems] Discovering subsystems at path E:/Unity3d/2020.3.2f1/Editor/Data/Resources/UnitySubsystems
[Subsystems] Discovering subsystems at path E:/RoboklubUnity/First leson/Assets/Xonix/Assets
GfxDevice: creating device client; threaded=0
Direct3D:
    Version:  Direct3D 11.0 [level 11.1]
    Renderer: NVIDIA GeForce GTX 1050 Ti (ID=0x1c8c)
    Vendor:   
    VRAM:     4021 MB
    Driver:   26.21.14.4274
Initialize mono
Mono path[0] = 'E:/Unity3d/2020.3.2f1/Editor/Data/Managed'
Mono path[1] = 'E:/Unity3d/2020.3.2f1/Editor/Data/MonoBleedingEdge/lib/mono/unityjit'
Mono config path = 'E:/Unity3d/2020.3.2f1/Editor/Data/MonoBleedingEdge/etc'
Using monoOptions --debugger-agent=transport=dt_socket,embedding=1,server=y,suspend=n,address=127.0.0.1:56472
Begin MonoManager ReloadAssembly
Registering precompiled unity dll's ...
Register platform support module: E:/Unity3d/2020.3.2f1/Editor/Data/PlaybackEngines/WindowsStandaloneSupport/UnityEditor.WindowsStandalone.Extensions.dll
Registered in 0.001074 seconds.
Native extension for WindowsStandalone target not found
Refreshing native plugins compatible for Editor in 24.90 ms, found 0 plugins.
Preloading 0 native plugins for Editor in 0.00 ms.
Invoked RoslynAnalysisRunner static constructor.
RoslynAnalysisRunner will not be running.
RoslynAnalysisRunner has terminated.
Mono: successfully reloaded assembly
- Completed reload, in  1.671 seconds
Platform modules already initialized, skipping
Registering precompiled user dll's ...
Registered in 0.000526 seconds.
Begin MonoManager ReloadAssembly
Native extension for WindowsStandalone target not found
Refreshing native plugins compatible for Editor in 0.19 ms, found 0 plugins.
Preloading 0 native plugins for Editor in 0.00 ms.
Invoked RoslynAnalysisRunner static constructor.
RoslynAnalysisRunner will not be running.
RoslynAnalysisRunner has terminated.
Mono: successfully reloaded assembly
- Completed reload, in  0.876 seconds
Platform modules already initialized, skipping
========================================================================
Worker process is ready to serve import requests
Launched and connected shader compiler UnityShaderCompiler.exe after 0.09 seconds
Refreshing native plugins compatible for Editor in 0.33 ms, found 0 plugins.
Preloading 0 native plugins for Editor in 0.00 ms.
Unloading 1129 Unused Serialized files (Serialized files now loaded: 0)
System memory in use before: 57.6 MB.
System memory in use after: 57.7 MB.

Unloading 10 unused Assets to reduce memory usage. Loaded Objects now: 1573.
Total: 3.404900 ms (FindLiveObjects: 0.222000 ms CreateObjectMapping: 0.052100 ms MarkObjects: 3.019800 ms  DeleteObjects: 0.109700 ms)

========================================================================
Received Import Request.
  path: Assets/UserAudio098.wav
  artifactKey: Guid(17a094220439f5e498392bd5b0c9ac24) Importer(815301076,1909f56bfc062723c751e8b465ee728b)
Start importing Assets/UserAudio098.wav using Guid(17a094220439f5e498392bd5b0c9ac24) Importer(815301076,1909f56bfc062723c751e8b465ee728b)  -> (artifact id: '03e76f978efe047809c33b2add9bc2ae') in 0.180283 seconds
  Import took 0.183056 seconds .

========================================================================
Received Import Request.
  Time since last request: 7.324106 seconds.
  path: Assets/Scripts/GameController.cs
  artifactKey: Guid(ae0939feaafb1ef4e920f7a68fb3cb0e) Importer(815301076,1909f56bfc062723c751e8b465ee728b)
Start importing Assets/Scripts/GameController.cs using Guid(ae0939feaafb1ef4e920f7a68fb3cb0e) Importer(815301076,1909f56bfc062723c751e8b465ee728b)  -> (artifact id: '69c1c3404dc1f908f572301dd5a8b38d') in 0.017257 seconds
  Import took 0.019449 seconds .

========================================================================
Received Import Request.
  Time since last request: 0.022671 seconds.
  path: Assets/Scripts/GameController.cs
  artifactKey: Guid(ae0939feaafb1ef4e920f7a68fb3cb0e) Importer(815301076,1909f56bfc062723c751e8b465ee728b)
Start importing Assets/Scripts/GameController.cs using Guid(ae0939feaafb1ef4e920f7a68fb3cb0e) Importer(815301076,1909f56bfc062723c751e8b465ee728b)  -> (artifact id: '69c1c3404dc1f908f572301dd5a8b38d') in 0.001729 seconds
  Import took 0.004498 seconds .

========================================================================
Received Prepare
Registering precompiled user dll's ...
Registered in 0.000691 seconds.
Begin MonoManager ReloadAssembly
Native extension for WindowsStandalone target not found
Refreshing native plugins compatible for Editor in 0.22 ms, found 0 plugins.
Preloading 0 native plugins for Editor in 0.00 ms.
Invoked RoslynAnalysisRunner static constructor.
RoslynAnalysisRunner will not be running.
RoslynAnalysisRunner has terminated.
Mono: successfully reloaded assembly
- Completed reload, in  0.944 seconds
Platform modules already initialized, skipping
Refreshing native plugins compatible for Editor in 0.22 ms, found 0 plugins.
Preloading 0 native plugins for Editor in 0.00 ms.
Unloading 1124 Unused Serialized files (Serialized files now loaded: 0)
System memory in use before: 60.7 MB.
System memory in use after: 60.7 MB.

Unloading 5 unused Assets to reduce memory usage. Loaded Objects now: 1585.
Total: 1.869100 ms (FindLiveObjects: 0.126900 ms CreateObjectMapping: 0.034500 ms MarkObjects: 1.660700 ms  DeleteObjects: 0.045900 ms)

========================================================================
Received Import Request.
  Time since last request: 19.688701 seconds.
  path: Assets/Scripts/GameController.cs
  artifactKey: Guid(ae0939feaafb1ef4e920f7a68fb3cb0e) Importer(815301076,1909f56bfc062723c751e8b465ee728b)
Start importing Assets/Scripts/GameController.cs using Guid(ae0939feaafb1ef4e920f7a68fb3cb0e) Importer(815301076,1909f56bfc062723c751e8b465ee728b)  -> (artifact id: '072cb6807d47c302cf4ada6c43f73880') in 0.003457 seconds
  Import took 0.006283 seconds .

========================================================================
Received Prepare
Registering precompiled user dll's ...
Registered in 0.000578 seconds.
Begin MonoManager ReloadAssembly
Native extension for WindowsStandalone target not found
Refreshing native plugins compatible for Editor in 0.20 ms, found 0 plugins.
Preloading 0 native plugins for Editor in 0.00 ms.
Invoked RoslynAnalysisRunner static constructor.
RoslynAnalysisRunner will not be running.
RoslynAnalysisRunner has terminated.
Mono: successfully reloaded assembly
- Completed reload, in  0.960 seconds
Platform modules already initialized, skipping
Refreshing native plugins compatible for Editor in 0.24 ms, found 0 plugins.
Preloading 0 native plugins for Editor in 0.00 ms.
Unloading 1124 Unused Serialized files (Serialized files now loaded: 0)
System memory in use before: 60.7 MB.
System memory in use after: 60.8 MB.

Unloading 5 unused Assets to reduce memory usage. Loaded Objects now: 1588.
Total: 2.181800 ms (FindLiveObjects: 0.139600 ms CreateObjectMapping: 0.037600 ms MarkObjects: 1.940000 ms  DeleteObjects: 0.062900 ms)

========================================================================
Received Import Request.
  Time since last request: 15.633643 seconds.
  path: Assets/Scripts/GameController.cs
  artifactKey: Guid(ae0939feaafb1ef4e920f7a68fb3cb0e) Importer(815301076,1909f56bfc062723c751e8b465ee728b)
Start importing Assets/Scripts/GameController.cs using Guid(ae0939feaafb1ef4e920f7a68fb3cb0e) Importer(815301076,1909f56bfc062723c751e8b465ee728b)  -> (artifact id: 'b7e76252d23ae1567a2a17230be18a53') in 0.003350 seconds
  Import took 0.006182 seconds .

========================================================================
Received Import Request.
  Time since last request: 2.413769 seconds.
  path: Assets/Scenes/SampleScene.unity
  artifactKey: Guid(9fc0d4010bbf28b4594072e72b8655ab) Importer(815301076,1909f56bfc062723c751e8b465ee728b)
Start importing Assets/Scenes/SampleScene.unity using Guid(9fc0d4010bbf28b4594072e72b8655ab) Importer(815301076,1909f56bfc062723c751e8b465ee728b)  -> (artifact id: '627f285f7203787b233c8de7574c06a6') in 0.017546 seconds
  Import took 0.021536 seconds .

========================================================================
Received Import Request.
  Time since last request: 0.677844 seconds.
  path: Assets/Scenes/MenuScene.unity
  artifactKey: Guid(9925b6d56b0608d4497a7c3f256cbdd2) Importer(815301076,1909f56bfc062723c751e8b465ee728b)
Start importing Assets/Scenes/MenuScene.unity using Guid(9925b6d56b0608d4497a7c3f256cbdd2) Importer(815301076,1909f56bfc062723c751e8b465ee728b)  -> (artifact id: '4fb8648c8f5c6c21c21b04e0b9b7531f') in 0.009992 seconds
  Import took 0.013135 seconds .

========================================================================
Received Import Request.
  Time since last request: 0.001427 seconds.
  path: Assets/Scenes/MenuScene.unity
  artifactKey: Guid(9925b6d56b0608d4497a7c3f256cbdd2) Importer(815301076,1909f56bfc062723c751e8b465ee728b)
Start importing Assets/Scenes/MenuScene.unity using Guid(9925b6d56b0608d4497a7c3f256cbdd2) Importer(815301076,1909f56bfc062723c751e8b465ee728b)  -> (artifact id: '4fb8648c8f5c6c21c21b04e0b9b7531f') in 0.003335 seconds
  Import took 0.006321 seconds .

========================================================================
Received Import Request.
  Time since last request: 119.745891 seconds.
  path: Assets/UserAudio098.wav
  artifactKey: Guid(17a094220439f5e498392bd5b0c9ac24) Importer(815301076,1909f56bfc062723c751e8b465ee728b)
Start importing Assets/UserAudio098.wav using Guid(17a094220439f5e498392bd5b0c9ac24) Importer(815301076,1909f56bfc062723c751e8b465ee728b)  -> (artifact id: '66826be7efe2fb4929ab0dbb4beaec79') in 0.053227 seconds
  Import took 0.057186 seconds .

========================================================================
Received Prepare
Registering precompiled user dll's ...
Registered in 0.000825 seconds.
Begin MonoManager ReloadAssembly
Native extension for WindowsStandalone target not found
Refreshing native plugins compatible for Editor in 0.21 ms, found 0 plugins.
Preloading 0 native plugins for Editor in 0.00 ms.
Invoked RoslynAnalysisRunner static constructor.
RoslynAnalysisRunner will not be running.
RoslynAnalysisRunner has terminated.
Mono: successfully reloaded assembly
- Completed reload, in  0.855 seconds
Platform modules already initialized, skipping
Refreshing native plugins compatible for Editor in 0.24 ms, found 0 plugins.
Preloading 0 native plugins for Editor in 0.00 ms.
Unloading 1124 Unused Serialized files (Serialized files now loaded: 0)
System memory in use before: 60.7 MB.
System memory in use after: 60.8 MB.

Unloading 5 unused Assets to reduce memory usage. Loaded Objects now: 1592.
Total: 2.136900 ms (FindLiveObjects: 0.197300 ms CreateObjectMapping: 0.061000 ms MarkObjects: 1.810800 ms  DeleteObjects: 0.065900 ms)

========================================================================
Received Prepare
Registering precompiled user dll's ...
Registered in 0.000807 seconds.
Begin MonoManager ReloadAssembly
Native extension for WindowsStandalone target not found
Refreshing native plugins compatible for Editor in 0.20 ms, found 0 plugins.
Preloading 0 native plugins for Editor in 0.00 ms.
Invoked RoslynAnalysisRunner static constructor.
RoslynAnalysisRunner will not be running.
RoslynAnalysisRunner has terminated.
Mono: successfully reloaded assembly
- Completed reload, in  0.791 seconds
Platform modules already initialized, skipping
Refreshing native plugins compatible for Editor in 0.26 ms, found 0 plugins.
Preloading 0 native plugins for Editor in 0.00 ms.
Unloading 1124 Unused Serialized files (Serialized files now loaded: 0)
System memory in use before: 60.7 MB.
System memory in use after: 60.8 MB.

Unloading 5 unused Assets to reduce memory usage. Loaded Objects now: 1595.
Total: 2.023700 ms (FindLiveObjects: 0.155500 ms CreateObjectMapping: 0.039100 ms MarkObjects: 1.776500 ms  DeleteObjects: 0.050900 ms)

========================================================================
Received Import Request.
  Time since last request: 280.353542 seconds.
  path: Assets/Scripts/Spavner.cs
  artifactKey: Guid(9ecf1b74e5f50db478ad3c066a2eb0e9) Importer(815301076,1909f56bfc062723c751e8b465ee728b)
Start importing Assets/Scripts/Spavner.cs using Guid(9ecf1b74e5f50db478ad3c066a2eb0e9) Importer(815301076,1909f56bfc062723c751e8b465ee728b)  -> (artifact id: 'f96100c8f0c63ec67aeb6df4e382ebb5') in 0.009342 seconds
  Import took 0.013265 seconds .

========================================================================
Received Prepare
Registering precompiled user dll's ...
Registered in 0.000647 seconds.
Begin MonoManager ReloadAssembly
Native extension for WindowsStandalone target not found
Refreshing native plugins compatible for Editor in 0.40 ms, found 0 plugins.
Preloading 0 native plugins for Editor in 0.00 ms.
Invoked RoslynAnalysisRunner static constructor.
RoslynAnalysisRunner will not be running.
RoslynAnalysisRunner has terminated.
Mono: successfully reloaded assembly
- Completed reload, in  1.021 seconds
Platform modules already initialized, skipping
Refreshing native plugins compatible for Editor in 0.23 ms, found 0 plugins.
Preloading 0 native plugins for Editor in 0.00 ms.
Unloading 1124 Unused Serialized files (Serialized files now loaded: 0)
System memory in use before: 60.8 MB.
System memory in use after: 60.8 MB.

Unloading 5 unused Assets to reduce memory usage. Loaded Objects now: 1598.
Total: 2.168700 ms (FindLiveObjects: 0.142200 ms CreateObjectMapping: 0.031700 ms MarkObjects: 1.933600 ms  DeleteObjects: 0.060100 ms)

========================================================================
Received Import Request.
  Time since last request: 47.587238 seconds.
  path: Assets/Scripts/Spavner.cs
  artifactKey: Guid(9ecf1b74e5f50db478ad3c066a2eb0e9) Importer(815301076,1909f56bfc062723c751e8b465ee728b)
Start importing Assets/Scripts/Spavner.cs using Guid(9ecf1b74e5f50db478ad3c066a2eb0e9) Importer(815301076,1909f56bfc062723c751e8b465ee728b)  -> (artifact id: '6e30d9832f21d7ed1dfbf0bbe44c412b') in 0.003397 seconds
  Import took 0.005967 seconds .

========================================================================
Received Prepare
Registering precompiled user dll's ...
Registered in 0.000843 seconds.
Begin MonoManager ReloadAssembly
Native extension for WindowsStandalone target not found
Refreshing native plugins compatible for Editor in 0.20 ms, found 0 plugins.
Preloading 0 native plugins for Editor in 0.00 ms.
Invoked RoslynAnalysisRunner static constructor.
RoslynAnalysisRunner will not be running.
RoslynAnalysisRunner has terminated.
Mono: successfully reloaded assembly
- Completed reload, in  0.752 seconds
Platform modules already initialized, skipping
Refreshing native plugins compatible for Editor in 0.21 ms, found 0 plugins.
Preloading 0 native plugins for Editor in 0.00 ms.
Unloading 1124 Unused Serialized files (Serialized files now loaded: 0)
System memory in use before: 60.8 MB.
System memory in use after: 60.8 MB.

Unloading 5 unused Assets to reduce memory usage. Loaded Objects now: 1601.
Total: 3.052200 ms (FindLiveObjects: 0.390000 ms CreateObjectMapping: 0.124700 ms MarkObjects: 2.466000 ms  DeleteObjects: 0.069400 ms)

========================================================================
Received Import Request.
  Time since last request: 231.389105 seconds.
  path: Assets/Scripts/Catcher.cs
  artifactKey: Guid(7fa3f05a21a0c6f4aac49bc2f8a5c058) Importer(815301076,1909f56bfc062723c751e8b465ee728b)
Start importing Assets/Scripts/Catcher.cs using Guid(7fa3f05a21a0c6f4aac49bc2f8a5c058) Importer(815301076,1909f56bfc062723c751e8b465ee728b)  -> (artifact id: '8b90ebb1ec467ea1e135ad1e83bb07c8') in 0.013814 seconds
  Import took 0.018756 seconds .

========================================================================
Received Prepare
Registering precompiled user dll's ...
Registered in 0.000722 seconds.
Begin MonoManager ReloadAssembly
Native extension for WindowsStandalone target not found
Refreshing native plugins compatible for Editor in 0.25 ms, found 0 plugins.
Preloading 0 native plugins for Editor in 0.00 ms.
Invoked RoslynAnalysisRunner static constructor.
RoslynAnalysisRunner will not be running.
RoslynAnalysisRunner has terminated.
Mono: successfully reloaded assembly
- Completed reload, in  1.227 seconds
Platform modules already initialized, skipping
Refreshing native plugins compatible for Editor in 0.43 ms, found 0 plugins.
Preloading 0 native plugins for Editor in 0.00 ms.
Unloading 1125 Unused Serialized files (Serialized files now loaded: 0)
System memory in use before: 60.8 MB.
System memory in use after: 60.9 MB.

Unloading 5 unused Assets to reduce memory usage. Loaded Objects now: 1605.
Total: 2.509800 ms (FindLiveObjects: 0.200600 ms CreateObjectMapping: 0.069400 ms MarkObjects: 2.155000 ms  DeleteObjects: 0.082700 ms)

========================================================================
Received Prepare
Registering precompiled user dll's ...
Registered in 0.001078 seconds.
Begin MonoManager ReloadAssembly
Native extension for WindowsStandalone target not found
Refreshing native plugins compatible for Editor in 0.32 ms, found 0 plugins.
Preloading 0 native plugins for Editor in 0.00 ms.
Invoked RoslynAnalysisRunner static constructor.
RoslynAnalysisRunner will not be running.
RoslynAnalysisRunner has terminated.
Mono: successfully reloaded assembly
- Completed reload, in  1.334 seconds
Platform modules already initialized, skipping
Refreshing native plugins compatible for Editor in 0.30 ms, found 0 plugins.
Preloading 0 native plugins for Editor in 0.00 ms.
Unloading 1125 Unused Serialized files (Serialized files now loaded: 0)
System memory in use before: 60.8 MB.
System memory in use after: 60.9 MB.

Unloading 5 unused Assets to reduce memory usage. Loaded Objects now: 1608.
Total: 2.772200 ms (FindLiveObjects: 0.164200 ms CreateObjectMapping: 0.115900 ms MarkObjects: 2.434400 ms  DeleteObjects: 0.056400 ms)

========================================================================
Received Prepare
Registering precompiled user dll's ...
Registered in 0.000538 seconds.
Begin MonoManager ReloadAssembly
Native extension for WindowsStandalone target not found
Refreshing native plugins compatible for Editor in 0.28 ms, found 0 plugins.
Preloading 0 native plugins for Editor in 0.00 ms.
Invoked RoslynAnalysisRunner static constructor.
RoslynAnalysisRunner will not be running.
RoslynAnalysisRunner has terminated.
Mono: successfully reloaded assembly
- Completed reload, in  1.027 seconds
Platform modules already initialized, skipping
Refreshing native plugins compatible for Editor in 0.24 ms, found 0 plugins.
Preloading 0 native plugins for Editor in 0.00 ms.
Unloading 1125 Unused Serialized files (Serialized files now loaded: 0)
System memory in use before: 60.8 MB.
System memory in use after: 60.9 MB.

Unloading 5 unused Assets to reduce memory usage. Loaded Objects now: 1611.
Total: 1.843300 ms (FindLiveObjects: 0.143800 ms CreateObjectMapping: 0.034300 ms MarkObjects: 1.587600 ms  DeleteObjects: 0.075100 ms)

========================================================================
Received Prepare
Registering precompiled user dll's ...
Registered in 0.000757 seconds.
Begin MonoManager ReloadAssembly
Native extension for WindowsStandalone target not found
Refreshing native plugins compatible for Editor in 0.24 ms, found 0 plugins.
Preloading 0 native plugins for Editor in 0.00 ms.
Invoked RoslynAnalysisRunner static constructor.
RoslynAnalysisRunner will not be running.
RoslynAnalysisRunner has terminated.
Mono: successfully reloaded assembly
- Completed reload, in  0.941 seconds
Platform modules already initialized, skipping
Refreshing native plugins compatible for Editor in 0.25 ms, found 0 plugins.
Preloading 0 native plugins for Editor in 0.00 ms.
Unloading 1125 Unused Serialized files (Serialized files now loaded: 0)
System memory in use before: 60.8 MB.
System memory in use after: 60.9 MB.

Unloading 5 unused Assets to reduce memory usage. Loaded Objects now: 1614.
Total: 2.093300 ms (FindLiveObjects: 0.176000 ms CreateObjectMapping: 0.049000 ms MarkObjects: 1.812400 ms  DeleteObjects: 0.054600 ms)

========================================================================
Received Prepare
Registering precompiled user dll's ...
Registered in 0.000487 seconds.
Begin MonoManager ReloadAssembly
Native extension for WindowsStandalone target not found
Refreshing native plugins compatible for Editor in 0.20 ms, found 0 plugins.
Preloading 0 native plugins for Editor in 0.00 ms.
Invoked RoslynAnalysisRunner static constructor.
RoslynAnalysisRunner will not be running.
RoslynAnalysisRunner has terminated.
Mono: successfully reloaded assembly
- Completed reload, in  0.848 seconds
Platform modules already initialized, skipping
Refreshing native plugins compatible for Editor in 0.24 ms, found 0 plugins.
Preloading 0 native plugins for Editor in 0.00 ms.
Unloading 1125 Unused Serialized files (Serialized files now loaded: 0)
System memory in use before: 60.8 MB.
System memory in use after: 60.9 MB.

Unloading 5 unused Assets to reduce memory usage. Loaded Objects now: 1617.
Total: 1.784100 ms (FindLiveObjects: 0.119700 ms CreateObjectMapping: 0.032900 ms MarkObjects: 1.584600 ms  DeleteObjects: 0.046000 ms)

AssetImportWorkerClient::OnTransportError - code=2 error=End of file
